<?xml version="1.0" encoding="UTF-8"?>
<!-- Generated by org.testng.reporters.JUnitReportReporter -->
<testsuite hostname="H998DTRV" name="com.promap.Promap" tests="4" failures="0" timestamp="11 Jan 2019 05:13:01 GMT" time="39.083" errors="0">
  <testcase name="selectPrintTask" time="15.371" classname="com.promap.Promap"/>
  <testcase name="tearDown" time="7.853" classname="com.promap.Promap"/>
  <testcase name="selectGoView" time="10.383" classname="com.promap.Promap"/>
  <testcase name="loginTest" time="5.476" classname="com.promap.Promap"/>
</testsuite> <!-- com.promap.Promap -->
